<?xml version="1.0" encoding="UTF-8"?>
<!-- Generated by org.testng.reporters.JUnitXMLReporter -->
<testsuite ignored="0" hostname="ISILLT10051" failures="0" tests="6" name="Test" time="106.236" errors="0" timestamp="2020-12-07T14:50:11 IST">
  <testcase classname="MyStrore.Test.loginTest" name="testlogin" time="49.113"/>
  <testcase classname="MyStrore.Test.loginTest" name="homepagescreen" time="6.134"/>
  <testcase classname="MyStrore.Test.loginTest" name="addingitem" time="17.986"/>
  <testcase classname="MyStrore.Test.loginTest" name="ordercheckoutpage" time="7.434"/>
  <testcase classname="MyStrore.Test.loginTest" name="checkboxandaddress" time="19.761"/>
  <testcase classname="MyStrore.Test.loginTest" name="womenstab" time="5.018"/>
</testsuite> <!-- Test -->
