<?xml version="1.0" encoding="UTF-8"?>
<testng-results ignored="0" total="6" passed="6" failed="0" skipped="0">
  <reporter-output>
  </reporter-output>
  <suite started-at="2020-12-07T14:48:25 IST" name="Suite" finished-at="2020-12-07T14:50:11 IST" duration-ms="106236">
    <groups>
    </groups>
    <test started-at="2020-12-07T14:48:25 IST" name="Test" finished-at="2020-12-07T14:50:11 IST" duration-ms="106236">
      <class name="MyStrore.Test.loginTest">
        <test-method signature="testlogin()[pri:1, instance:MyStrore.Test.loginTest@4b8d604b]" started-at="2020-12-07T14:48:25 IST" name="testlogin" finished-at="2020-12-07T14:49:14 IST" duration-ms="49113" status="PASS">
          <reporter-output>
          </reporter-output>
        </test-method> <!-- testlogin -->
        <test-method signature="homepagescreen()[pri:2, instance:MyStrore.Test.loginTest@4b8d604b]" started-at="2020-12-07T14:49:14 IST" name="homepagescreen" finished-at="2020-12-07T14:49:20 IST" duration-ms="6134" status="PASS">
          <reporter-output>
          </reporter-output>
        </test-method> <!-- homepagescreen -->
        <test-method signature="addingitem()[pri:3, instance:MyStrore.Test.loginTest@4b8d604b]" started-at="2020-12-07T14:49:20 IST" name="addingitem" finished-at="2020-12-07T14:49:38 IST" duration-ms="17986" status="PASS">
          <reporter-output>
          </reporter-output>
        </test-method> <!-- addingitem -->
        <test-method signature="ordercheckoutpage()[pri:4, instance:MyStrore.Test.loginTest@4b8d604b]" started-at="2020-12-07T14:49:38 IST" name="ordercheckoutpage" finished-at="2020-12-07T14:49:46 IST" duration-ms="7434" status="PASS">
          <reporter-output>
          </reporter-output>
        </test-method> <!-- ordercheckoutpage -->
        <test-method signature="checkboxandaddress()[pri:5, instance:MyStrore.Test.loginTest@4b8d604b]" started-at="2020-12-07T14:49:46 IST" name="checkboxandaddress" finished-at="2020-12-07T14:50:05 IST" duration-ms="19761" status="PASS">
          <reporter-output>
          </reporter-output>
        </test-method> <!-- checkboxandaddress -->
        <test-method signature="womenstab()[pri:6, instance:MyStrore.Test.loginTest@4b8d604b]" started-at="2020-12-07T14:50:05 IST" name="womenstab" finished-at="2020-12-07T14:50:10 IST" duration-ms="5018" status="PASS">
          <reporter-output>
          </reporter-output>
        </test-method> <!-- womenstab -->
        <test-method is-config="true" signature="testclosure()[pri:0, instance:MyStrore.Test.loginTest@4b8d604b]" started-at="2020-12-07T14:50:10 IST" name="testclosure" finished-at="2020-12-07T14:50:11 IST" duration-ms="699" status="PASS">
          <reporter-output>
          </reporter-output>
        </test-method> <!-- testclosure -->
      </class> <!-- MyStrore.Test.loginTest -->
    </test> <!-- Test -->
  </suite> <!-- Suite -->
</testng-results>
